[2025-11-22 12:39:02] [INFO] root - ✓ test_mission_analysis_creation PASSED (0.000s)
[2025-11-22 12:39:02] [INFO] root - ✓ test_mission_analysis_summary_loadable PASSED (0.000s)
[2025-11-22 12:39:02] [INFO] root - ✓ test_mission_analysis_summary_not_loadable PASSED (0.000s)
[2025-11-22 12:39:02] [DEBUG] daf.mission_analysis - Failed to analyze mission training_facility_1: 'function' object has no attribute 'allow_extra_args'
Traceback (most recent call last):
  File "/Users/4d/Documents/GitHub/cogames/daf/src/mission_analysis.py", line 81, in daf_analyze_mission
    ctx = Context(lambda: None)
          ^^^^^^^^^^^^^^^^^^^^^
  File "/Users/4d/Documents/GitHub/cogames/.venv/lib/python3.12/site-packages/click/core.py", line 355, in __init__
    allow_extra_args = command.allow_extra_args
                       ^^^^^^^^^^^^^^^^^^^^^^^^
AttributeError: 'function' object has no attribute 'allow_extra_args'
[2025-11-22 12:39:02] [INFO] root - ✓ test_daf_analyze_mission_real PASSED (0.203s)
[2025-11-22 12:39:02] [DEBUG] daf.mission_analysis - Failed to analyze mission nonexistent_mission_xyz_123: 'function' object has no attribute 'allow_extra_args'
Traceback (most recent call last):
  File "/Users/4d/Documents/GitHub/cogames/daf/src/mission_analysis.py", line 81, in daf_analyze_mission
    ctx = Context(lambda: None)
          ^^^^^^^^^^^^^^^^^^^^^
  File "/Users/4d/Documents/GitHub/cogames/.venv/lib/python3.12/site-packages/click/core.py", line 355, in __init__
    allow_extra_args = command.allow_extra_args
                       ^^^^^^^^^^^^^^^^^^^^^^^^
AttributeError: 'function' object has no attribute 'allow_extra_args'
[2025-11-22 12:39:02] [INFO] root - ✓ test_daf_analyze_mission_nonexistent PASSED (0.001s)
[2025-11-22 12:39:02] [DEBUG] daf.mission_analysis - Failed to analyze mission training_facility_1: 'function' object has no attribute 'allow_extra_args'
Traceback (most recent call last):
  File "/Users/4d/Documents/GitHub/cogames/daf/src/mission_analysis.py", line 81, in daf_analyze_mission
    ctx = Context(lambda: None)
          ^^^^^^^^^^^^^^^^^^^^^
  File "/Users/4d/Documents/GitHub/cogames/.venv/lib/python3.12/site-packages/click/core.py", line 355, in __init__
    allow_extra_args = command.allow_extra_args
                       ^^^^^^^^^^^^^^^^^^^^^^^^
AttributeError: 'function' object has no attribute 'allow_extra_args'
[2025-11-22 12:39:02] [INFO] root - ✓ test_daf_analyze_mission_set PASSED (0.000s)
[2025-11-22 12:39:02] [DEBUG] daf.mission_analysis - Failed to analyze mission training_facility_1: 'function' object has no attribute 'allow_extra_args'
Traceback (most recent call last):
  File "/Users/4d/Documents/GitHub/cogames/daf/src/mission_analysis.py", line 81, in daf_analyze_mission
    ctx = Context(lambda: None)
          ^^^^^^^^^^^^^^^^^^^^^
  File "/Users/4d/Documents/GitHub/cogames/.venv/lib/python3.12/site-packages/click/core.py", line 355, in __init__
    allow_extra_args = command.allow_extra_args
                       ^^^^^^^^^^^^^^^^^^^^^^^^
AttributeError: 'function' object has no attribute 'allow_extra_args'
[2025-11-22 12:39:02] [DEBUG] daf.mission_analysis - Failed to analyze mission nonexistent_mission: 'function' object has no attribute 'allow_extra_args'
Traceback (most recent call last):
  File "/Users/4d/Documents/GitHub/cogames/daf/src/mission_analysis.py", line 81, in daf_analyze_mission
    ctx = Context(lambda: None)
          ^^^^^^^^^^^^^^^^^^^^^
  File "/Users/4d/Documents/GitHub/cogames/.venv/lib/python3.12/site-packages/click/core.py", line 355, in __init__
    allow_extra_args = command.allow_extra_args
                       ^^^^^^^^^^^^^^^^^^^^^^^^
AttributeError: 'function' object has no attribute 'allow_extra_args'
[2025-11-22 12:39:02] [INFO] root - ✓ test_daf_validate_mission_set PASSED (0.001s)
[2025-11-22 12:39:02] [DEBUG] daf.mission_analysis - Failed to analyze mission training_facility_1: 'function' object has no attribute 'allow_extra_args'
Traceback (most recent call last):
  File "/Users/4d/Documents/GitHub/cogames/daf/src/mission_analysis.py", line 81, in daf_analyze_mission
    ctx = Context(lambda: None)
          ^^^^^^^^^^^^^^^^^^^^^
  File "/Users/4d/Documents/GitHub/cogames/.venv/lib/python3.12/site-packages/click/core.py", line 355, in __init__
    allow_extra_args = command.allow_extra_args
                       ^^^^^^^^^^^^^^^^^^^^^^^^
AttributeError: 'function' object has no attribute 'allow_extra_args'
[2025-11-22 12:39:02] [INFO] root - ✓ test_daf_get_mission_metadata PASSED (0.002s)
[2025-11-22 12:39:02] [INFO] root - ✓ test_daf_discover_missions_from_readme PASSED (0.001s)
[2025-11-22 12:39:02] [WARNING] daf.mission_analysis - README.md not found at /nonexistent/README.md
[2025-11-22 12:39:02] [INFO] root - ✓ test_daf_discover_missions_from_readme_nonexistent PASSED (0.000s)
[2025-11-22 12:39:02] [DEBUG] daf.mission_analysis - Failed to analyze mission assembler_2: 'function' object has no attribute 'allow_extra_args'
Traceback (most recent call last):
  File "/Users/4d/Documents/GitHub/cogames/daf/src/mission_analysis.py", line 81, in daf_analyze_mission
    ctx = Context(lambda: None)
          ^^^^^^^^^^^^^^^^^^^^^
  File "/Users/4d/Documents/GitHub/cogames/.venv/lib/python3.12/site-packages/click/core.py", line 355, in __init__
    allow_extra_args = command.allow_extra_args
                       ^^^^^^^^^^^^^^^^^^^^^^^^
AttributeError: 'function' object has no attribute 'allow_extra_args'
[2025-11-22 12:39:02] [DEBUG] daf.mission_analysis - Failed to analyze mission assembler_2: 'function' object has no attribute 'allow_extra_args'
Traceback (most recent call last):
  File "/Users/4d/Documents/GitHub/cogames/daf/src/mission_analysis.py", line 81, in daf_analyze_mission
    ctx = Context(lambda: None)
          ^^^^^^^^^^^^^^^^^^^^^
  File "/Users/4d/Documents/GitHub/cogames/.venv/lib/python3.12/site-packages/click/core.py", line 355, in __init__
    allow_extra_args = command.allow_extra_args
                       ^^^^^^^^^^^^^^^^^^^^^^^^
AttributeError: 'function' object has no attribute 'allow_extra_args'
[2025-11-22 12:39:02] [INFO] root - ✓ test_complete_mission_analysis_workflow PASSED (0.001s)
[2025-11-22 12:39:02] [DEBUG] daf.mission_analysis - Failed to analyze mission training_facility_1: 'function' object has no attribute 'allow_extra_args'
Traceback (most recent call last):
  File "/Users/4d/Documents/GitHub/cogames/daf/src/mission_analysis.py", line 81, in daf_analyze_mission
    ctx = Context(lambda: None)
          ^^^^^^^^^^^^^^^^^^^^^
  File "/Users/4d/Documents/GitHub/cogames/.venv/lib/python3.12/site-packages/click/core.py", line 355, in __init__
    allow_extra_args = command.allow_extra_args
                       ^^^^^^^^^^^^^^^^^^^^^^^^
AttributeError: 'function' object has no attribute 'allow_extra_args'
[2025-11-22 12:39:02] [DEBUG] daf.mission_analysis - Failed to analyze mission nonexistent_xyz: 'function' object has no attribute 'allow_extra_args'
Traceback (most recent call last):
  File "/Users/4d/Documents/GitHub/cogames/daf/src/mission_analysis.py", line 81, in daf_analyze_mission
    ctx = Context(lambda: None)
          ^^^^^^^^^^^^^^^^^^^^^
  File "/Users/4d/Documents/GitHub/cogames/.venv/lib/python3.12/site-packages/click/core.py", line 355, in __init__
    allow_extra_args = command.allow_extra_args
                       ^^^^^^^^^^^^^^^^^^^^^^^^
AttributeError: 'function' object has no attribute 'allow_extra_args'
[2025-11-22 12:39:02] [INFO] root - ✓ test_mission_validation_workflow PASSED (0.001s)
